[14:48:44] [main/INFO]: Environment: authHost='https://authserver.mojang.com', accountsHost='https://api.mojang.com', sessionHost='https://sessionserver.mojang.com', servicesHost='https://api.minecraftservices.com', name='PROD'
[14:48:44] [main/INFO]: Reloading ResourceManager: Default, bukkit
[14:48:45] [Worker-Main-1/INFO]: Loaded 7 recipes
[14:48:47] [Server thread/INFO]: Starting minecraft server version 1.17
[14:48:47] [Server thread/INFO]: Loading properties
[14:48:47] [Server thread/INFO]: This server is running Paper version git-Paper-79 (MC: 1.17) (Implementing API version 1.17-R0.1-SNAPSHOT) (Git: a831634)
[14:48:47] [Server thread/INFO]: Debug logging is disabled
[14:48:47] [Server thread/INFO]: Server Ping Player Sample Count: 12
[14:48:47] [Server thread/INFO]: Using 4 threads for Netty based IO
[14:48:47] [Server thread/INFO]: Default game type: SURVIVAL
[14:48:47] [Server thread/INFO]: Generating keypair
[14:48:47] [Server thread/INFO]: Starting Minecraft server on *:25565
[14:48:48] [Server thread/INFO]: Using epoll channel type
[14:48:48] [Server thread/INFO]: Server permissions file permissions.yml is empty, ignoring it
[14:48:48] [Server thread/WARN]: **** SERVER IS RUNNING IN OFFLINE/INSECURE MODE!
[14:48:48] [Server thread/WARN]: The server will make no attempt to authenticate usernames. Beware.
[14:48:48] [Server thread/WARN]: While this makes the game possible to play without internet access, it also opens up the ability for hackers to connect with any username they choose.
[14:48:48] [Server thread/WARN]: To change this, set "online-mode" to "true" in the server.properties file.
[14:48:48] [Server thread/INFO]: Preparing level "world"
[14:48:48] [Server thread/INFO]: Preparing start region for dimension minecraft:overworld
[14:48:53] [Server thread/INFO]: Time elapsed: 4587 ms
[14:48:53] [Server thread/INFO]: Preparing start region for dimension minecraft:the_nether
[14:48:59] [Server thread/INFO]: Time elapsed: 5624 ms
[14:48:59] [Server thread/INFO]: Preparing start region for dimension minecraft:the_end
[14:49:03] [Worker-Main-1/INFO]: Preparing spawn area: 0%
[14:49:03] [Worker-Main-1/INFO]: Preparing spawn area: 0%
[14:49:03] [Worker-Main-1/INFO]: Preparing spawn area: 0%
[14:49:03] [Worker-Main-1/INFO]: Preparing spawn area: 0%
[14:49:03] [Worker-Main-1/INFO]: Preparing spawn area: 0%
[14:49:03] [Worker-Main-1/INFO]: Preparing spawn area: 0%
[14:49:03] [Worker-Main-1/INFO]: Preparing spawn area: 0%
[14:49:03] [Worker-Main-1/INFO]: Preparing spawn area: 0%
[14:49:03] [Worker-Main-1/INFO]: Preparing spawn area: 0%
[14:49:03] [Worker-Main-1/INFO]: Preparing spawn area: 0%
[14:49:04] [Worker-Main-1/INFO]: Preparing spawn area: 0%
[14:49:04] [Worker-Main-1/INFO]: Preparing spawn area: 0%
[14:49:08] [Worker-Main-1/INFO]: Preparing spawn area: 0%
[14:49:08] [Worker-Main-1/INFO]: Preparing spawn area: 0%
[14:49:08] [Worker-Main-1/INFO]: Preparing spawn area: 0%
[14:49:08] [Worker-Main-1/INFO]: Preparing spawn area: 0%
[14:49:08] [Worker-Main-1/INFO]: Preparing spawn area: 0%
[14:49:08] [Worker-Main-1/INFO]: Preparing spawn area: 0%
[14:49:08] [Worker-Main-1/INFO]: Preparing spawn area: 0%
[14:49:08] [Worker-Main-1/INFO]: Preparing spawn area: 0%
[14:49:09] [Worker-Main-1/INFO]: Preparing spawn area: 0%
[14:49:09] [Worker-Main-1/INFO]: Preparing spawn area: 0%
[14:49:10] [Worker-Main-1/INFO]: Preparing spawn area: 0%
[14:49:10] [Worker-Main-1/INFO]: Preparing spawn area: 0%
[14:49:11] [Worker-Main-1/INFO]: Preparing spawn area: 0%
[14:49:11] [Worker-Main-1/INFO]: Preparing spawn area: 0%
[14:49:12] [Worker-Main-1/INFO]: Preparing spawn area: 0%
[14:49:12] [Worker-Main-1/INFO]: Preparing spawn area: 0%
[14:49:13] [Server thread/INFO]: Preparing spawn area: 0%
[14:49:13] [Server thread/INFO]: Preparing spawn area: 24%
[14:49:14] [Worker-Main-1/INFO]: Preparing spawn area: 79%
[14:49:14] [Server thread/INFO]: Time elapsed: 15058 ms
[14:49:14] [Server thread/INFO]: Starting remote control listener
[14:49:14] [Server thread/INFO]: Thread RCON Listener started
[14:49:14] [Server thread/INFO]: RCON running on 0.0.0.0:25575
[14:49:14] [Server thread/INFO]: Running delayed init tasks
[14:49:14] [Server thread/INFO]: Done (26.801s)! For help, type "help"
[14:49:14] [Server thread/INFO]: Timings Reset
[14:50:34] [User Authenticator #1/INFO]: UUID of player pepeg is 4c509e33-1fa4-3a6d-ab21-ba93102bf4fb
[14:50:35] [Server thread/INFO]: pepeg joined the game
[14:50:35] [Server thread/INFO]: pepeg[/180.244.136.62:27482] logged in with entity id 194 at ([world]-134.32772971721164, 63.0, 178.16106154172908)
[14:51:12] [Server thread/INFO]: pepeg was slain by Spider
[14:52:02] [Server thread/INFO]: pepeg lost connection: Disconnected
[14:52:02] [Server thread/INFO]: pepeg left the game
[14:52:03] [Server thread/INFO]: Stopping server
[14:52:03] [Server thread/INFO]: Saving players
[14:52:04] [Server thread/INFO]: Saving worlds
[14:52:04] [Server thread/INFO]: Saving chunks for level 'ServerLevel[world]'/minecraft:overworld
[14:52:05] [Server thread/INFO]: ThreadedAnvilChunkStorage (world): All chunks are saved
[14:52:05] [Server thread/INFO]: Saving chunks for level 'ServerLevel[world_nether]'/minecraft:the_nether
[14:52:05] [Server thread/INFO]: ThreadedAnvilChunkStorage (DIM-1): All chunks are saved
[14:52:05] [Server thread/INFO]: Saving chunks for level 'ServerLevel[world_the_end]'/minecraft:the_end
[14:52:05] [Server thread/INFO]: ThreadedAnvilChunkStorage (DIM1): All chunks are saved
[14:52:05] [Server thread/INFO]: ThreadedAnvilChunkStorage (world): All chunks are saved
[14:52:05] [Server thread/INFO]: ThreadedAnvilChunkStorage (DIM-1): All chunks are saved
[14:52:05] [Server thread/INFO]: ThreadedAnvilChunkStorage (DIM1): All chunks are saved
[14:52:05] [Server thread/INFO]: Saving usercache.json
[14:52:05] [Server thread/INFO]: Flushing Chunk IO
[14:52:05] [Server thread/INFO]: Closing Thread Pool
[14:52:05] [Server thread/INFO]: Closing Server
